Copyright 1986-2017 Xilinx, Inc. All Rights Reserved.
-------------------------------------------------------------------------------------------------------------------------------------------------
| Tool Version     : Vivado v.2017.2 (win64) Build 1909853 Thu Jun 15 18:39:09 MDT 2017
| Date             : Thu May 31 14:51:38 2018
| Host             : xzz-PC running 64-bit major release  (build 9200)
| Command          : report_power -file UART_SRAM_power_routed.rpt -pb UART_SRAM_power_summary_routed.pb -rpx UART_SRAM_power_routed.rpx
| Design           : UART_SRAM
| Device           : xc7a35tcsg324-1
| Design State     : routed
| Grade            : commercial
| Process          : typical
| Characterization : Production
-------------------------------------------------------------------------------------------------------------------------------------------------

Power Report

Table of Contents
-----------------
1. Summary
1.1 On-Chip Components
1.2 Power Supply Summary
1.3 Confidence Level
2. Settings
2.1 Environment
2.2 Clock Constraints
3. Detailed Reports
3.1 By Hierarchy

1. Summary
----------

+--------------------------+----------------------------------+
| Total On-Chip Power (W)  | 21.250 (Junction temp exceeded!) |
| Dynamic (W)              | 20.764                           |
| Device Static (W)        | 0.486                            |
| Effective TJA (C/W)      | 4.8                              |
| Max Ambient (C)          | 0.0                              |
| Junction Temperature (C) | 125.0                            |
| Confidence Level         | Low                              |
| Setting File             | ---                              |
| Simulation Activity File | ---                              |
| Design Nets Matched      | NA                               |
+--------------------------+----------------------------------+


1.1 On-Chip Components
----------------------

+----------------+-----------+----------+-----------+-----------------+
| On-Chip        | Power (W) | Used     | Available | Utilization (%) |
+----------------+-----------+----------+-----------+-----------------+
| Slice Logic    |     0.519 |      349 |       --- |             --- |
|   LUT as Logic |     0.475 |      115 |     20800 |            0.55 |
|   Register     |     0.021 |      164 |     41600 |            0.39 |
|   CARRY4       |     0.012 |       18 |      8150 |            0.22 |
|   BUFG         |     0.012 |        3 |        32 |            9.38 |
|   Others       |     0.000 |       11 |       --- |             --- |
| Signals        |     0.566 |      285 |       --- |             --- |
| I/O            |    19.678 |       70 |       210 |           33.33 |
| Static Power   |     0.486 |          |           |                 |
| Total          |    21.250 |          |           |                 |
+----------------+-----------+----------+-----------+-----------------+


1.2 Power Supply Summary
------------------------

+-----------+-------------+-----------+-------------+------------+
| Source    | Voltage (V) | Total (A) | Dynamic (A) | Static (A) |
+-----------+-------------+-----------+-------------+------------+
| Vccint    |       1.000 |     1.474 |       1.134 |      0.341 |
| Vccaux    |       1.800 |     0.773 |       0.719 |      0.053 |
| Vcco33    |       3.300 |     5.557 |       5.556 |      0.001 |
| Vcco25    |       2.500 |     0.000 |       0.000 |      0.000 |
| Vcco18    |       1.800 |     0.000 |       0.000 |      0.000 |
| Vcco15    |       1.500 |     0.000 |       0.000 |      0.000 |
| Vcco135   |       1.350 |     0.000 |       0.000 |      0.000 |
| Vcco12    |       1.200 |     0.000 |       0.000 |      0.000 |
| Vccaux_io |       1.800 |     0.000 |       0.000 |      0.000 |
| Vccbram   |       1.000 |     0.010 |       0.000 |      0.010 |
| MGTAVcc   |       1.000 |     0.000 |       0.000 |      0.000 |
| MGTAVtt   |       1.200 |     0.000 |       0.000 |      0.000 |
| Vccadc    |       1.800 |     0.020 |       0.000 |      0.020 |
+-----------+-------------+-----------+-------------+------------+


1.3 Confidence Level
--------------------

+-----------------------------+------------+--------------------------------------------------------+--------------------------------------------------------------------------------------------------------------------+
| User Input Data             | Confidence | Details                                                | Action                                                                                                             |
+-----------------------------+------------+--------------------------------------------------------+--------------------------------------------------------------------------------------------------------------------+
| Design implementation state | High       | Design is routed                                       |                                                                                                                    |
| Clock nodes activity        | Low        | User specified less than 75% of clocks                 | Provide missing clock activity with a constraint file, simulation results or by editing the "By Clock Domain" view |
| I/O nodes activity          | Low        | More than 75% of inputs are missing user specification | Provide missing input activity with simulation results or by editing the "By Resource Type -> I/Os" view           |
| Internal nodes activity     | Medium     | User specified less than 25% of internal nodes         | Provide missing internal nodes activity with simulation results or by editing the "By Resource Type" views         |
| Device models               | High       | Device models are Production                           |                                                                                                                    |
|                             |            |                                                        |                                                                                                                    |
| Overall confidence level    | Low        |                                                        |                                                                                                                    |
+-----------------------------+------------+--------------------------------------------------------+--------------------------------------------------------------------------------------------------------------------+


2. Settings
-----------

2.1 Environment
---------------

+-----------------------+--------------------------+
| Ambient Temp (C)      | 25.0                     |
| ThetaJA (C/W)         | 4.8                      |
| Airflow (LFM)         | 250                      |
| Heat Sink             | medium (Medium Profile)  |
| ThetaSA (C/W)         | 4.6                      |
| Board Selection       | medium (10"x10")         |
| # of Board Layers     | 12to15 (12 to 15 Layers) |
| Board Temperature (C) | 25.0                     |
+-----------------------+--------------------------+


2.2 Clock Constraints
---------------------

+-------+--------+-----------------+
| Clock | Domain | Constraint (ns) |
+-------+--------+-----------------+


3. Detailed Reports
-------------------

3.1 By Hierarchy
----------------

+----------------------------+-----------+
| Name                       | Power (W) |
+----------------------------+-----------+
| UART_SRAM                  |    20.764 |
|   Freqdivide_m             |     0.004 |
|   UART_brgenerator_m       |     0.131 |
|   UART_receiver_m          |     0.276 |
|   sram_controller_m        |     0.181 |
|   sram_data_IOBUF[0]_inst  |     0.000 |
|   sram_data_IOBUF[10]_inst |     0.000 |
|   sram_data_IOBUF[11]_inst |     0.000 |
|   sram_data_IOBUF[12]_inst |     0.000 |
|   sram_data_IOBUF[13]_inst |     0.000 |
|   sram_data_IOBUF[14]_inst |     0.000 |
|   sram_data_IOBUF[15]_inst |     0.000 |
|   sram_data_IOBUF[1]_inst  |     0.000 |
|   sram_data_IOBUF[2]_inst  |     0.000 |
|   sram_data_IOBUF[3]_inst  |     0.000 |
|   sram_data_IOBUF[4]_inst  |     0.000 |
|   sram_data_IOBUF[5]_inst  |     0.000 |
|   sram_data_IOBUF[6]_inst  |     0.000 |
|   sram_data_IOBUF[7]_inst  |     0.000 |
|   sram_data_IOBUF[8]_inst  |     0.000 |
|   sram_data_IOBUF[9]_inst  |     0.000 |
|   sram_read_test_m         |     0.352 |
+----------------------------+-----------+


